{"level":"info","message":"Servidor iniciou na porta => 3000","timestamp":"16/11/2024, 12:42:18"}
{"error":"connect ECONNREFUSED 127.0.0.1:27017","level":"error","message":"Erro ao conectar com MongoDB!","stack":"MongooseServerSelectionError: connect ECONNREFUSED 127.0.0.1:27017\n    at _handleConnectionErrors (/home/override/Back-End/node_modules/mongoose/lib/connection.js:909:11)\n    at NativeConnection.openUri (/home/override/Back-End/node_modules/mongoose/lib/connection.js:860:11)\n    at async connectDB (/home/override/Back-End/Database/connection.js:17:9)","timestamp":"16/11/2024, 12:42:48"}
{"level":"info","message":"Servidor iniciou na porta => 3000","timestamp":"16/11/2024, 13:13:19"}
{"level":"info","message":"MongoDB conectado! => OK","timestamp":"16/11/2024, 13:13:19"}
{"level":"warn","message":"Conexão com o MongoDB foi perdida!","timestamp":"16/11/2024, 13:15:50"}
{"level":"info","message":"Conexão com o MongoDB restabelecida!","timestamp":"16/11/2024, 13:16:41"}
{"level":"warn","message":"Conexão com o MongoDB foi perdida!","timestamp":"16/11/2024, 13:22:12"}
{"level":"info","message":"Conexão com o MongoDB restabelecida!","timestamp":"16/11/2024, 13:22:22"}
{"level":"warn","message":"Conexão com o MongoDB foi perdida!","timestamp":"16/11/2024, 13:23:03"}
{"level":"info","message":"Conexão com o MongoDB restabelecida!","timestamp":"16/11/2024, 13:23:14"}
{"level":"warn","message":"Conexão com o MongoDB foi perdida!","timestamp":"16/11/2024, 13:34:57"}
{"level":"info","message":"Conexão com MongoDB encerrada devido ao encerramento do serivor!","timestamp":"16/11/2024, 13:34:57"}
{"level":"info","message":"Servidor iniciou na porta => 3000","timestamp":"16/11/2024, 14:58:21"}
{"level":"info","message":"MongoDB conectado! => OK","timestamp":"16/11/2024, 14:58:21"}
{"level":"info","message":"Novo cliente registrado! Telefone: *******1288","timestamp":"16/11/2024, 14:58:24"}
{"level":"info","message":"Novo cliente registrado! Telefone: *******1288","timestamp":"16/11/2024, 14:58:54"}
{"level":"error","message":"Erro na função registrar cliente => MongoServerError: E11000 duplicate key error collection: test.clientes index: phone_1 dup key: { phone: \"51984961288\" }","timestamp":"16/11/2024, 14:58:54"}
{"level":"info","message":"Servidor iniciou na porta => 3000","timestamp":"16/11/2024, 15:01:42"}
{"level":"info","message":"MongoDB conectado! => OK","timestamp":"16/11/2024, 15:01:42"}
{"level":"info","message":"Servidor iniciou na porta => 3000","timestamp":"16/11/2024, 15:01:44"}
{"error":"Authentication failed.","level":"error","message":"Erro ao conectar com MongoDB!","stack":"MongoServerError: Authentication failed.\n    at Connection.sendCommand (/home/override/Back-End/node_modules/mongodb/lib/cmap/connection.js:290:27)\n    at process.processTicksAndRejections (node:internal/process/task_queues:105:5)\n    at async Connection.command (/home/override/Back-End/node_modules/mongodb/lib/cmap/connection.js:317:26)\n    at async executeScram (/home/override/Back-End/node_modules/mongodb/lib/cmap/auth/scram.js:79:22)\n    at async ScramSHA256.auth (/home/override/Back-End/node_modules/mongodb/lib/cmap/auth/scram.js:39:16)\n    at async performInitialHandshake (/home/override/Back-End/node_modules/mongodb/lib/cmap/connect.js:104:13)\n    at async connect (/home/override/Back-End/node_modules/mongodb/lib/cmap/connect.js:24:9)","timestamp":"16/11/2024, 15:01:44"}
{"level":"info","message":"Servidor iniciou na porta => 3000","timestamp":"16/11/2024, 15:01:53"}
{"error":"Authentication failed.","level":"error","message":"Erro ao conectar com MongoDB!","stack":"MongoServerError: Authentication failed.\n    at Connection.sendCommand (/home/override/Back-End/node_modules/mongodb/lib/cmap/connection.js:290:27)\n    at process.processTicksAndRejections (node:internal/process/task_queues:105:5)\n    at async Connection.command (/home/override/Back-End/node_modules/mongodb/lib/cmap/connection.js:317:26)\n    at async executeScram (/home/override/Back-End/node_modules/mongodb/lib/cmap/auth/scram.js:79:22)\n    at async ScramSHA256.auth (/home/override/Back-End/node_modules/mongodb/lib/cmap/auth/scram.js:39:16)\n    at async performInitialHandshake (/home/override/Back-End/node_modules/mongodb/lib/cmap/connect.js:104:13)\n    at async connect (/home/override/Back-End/node_modules/mongodb/lib/cmap/connect.js:24:9)","timestamp":"16/11/2024, 15:01:53"}
{"level":"info","message":"Servidor iniciou na porta => 3000","timestamp":"16/11/2024, 15:02:05"}
{"level":"info","message":"MongoDB conectado! => OK","timestamp":"16/11/2024, 15:02:05"}
{"level":"warn","message":"Conexão com o MongoDB foi perdida!","timestamp":"16/11/2024, 15:02:19"}
{"level":"info","message":"Conexão com MongoDB encerrada devido ao encerramento do serivor!","timestamp":"16/11/2024, 15:02:19"}
{"level":"info","message":"Servidor iniciou na porta => 3000","timestamp":"16/11/2024, 15:02:21"}
{"error":"Authentication failed.","level":"error","message":"Erro ao conectar com MongoDB!","stack":"MongoServerError: Authentication failed.\n    at Connection.sendCommand (/home/override/Back-End/node_modules/mongodb/lib/cmap/connection.js:290:27)\n    at process.processTicksAndRejections (node:internal/process/task_queues:105:5)\n    at async Connection.command (/home/override/Back-End/node_modules/mongodb/lib/cmap/connection.js:317:26)\n    at async executeScram (/home/override/Back-End/node_modules/mongodb/lib/cmap/auth/scram.js:79:22)\n    at async ScramSHA256.auth (/home/override/Back-End/node_modules/mongodb/lib/cmap/auth/scram.js:39:16)\n    at async performInitialHandshake (/home/override/Back-End/node_modules/mongodb/lib/cmap/connect.js:104:13)\n    at async connect (/home/override/Back-End/node_modules/mongodb/lib/cmap/connect.js:24:9)","timestamp":"16/11/2024, 15:02:21"}
{"level":"info","message":"Servidor iniciou na porta => 3000","timestamp":"16/11/2024, 15:16:06"}
{"error":"Authentication failed.","level":"error","message":"Erro ao conectar com MongoDB!","stack":"MongoServerError: Authentication failed.\n    at Connection.sendCommand (/home/override/Back-End/node_modules/mongodb/lib/cmap/connection.js:290:27)\n    at process.processTicksAndRejections (node:internal/process/task_queues:105:5)\n    at async Connection.command (/home/override/Back-End/node_modules/mongodb/lib/cmap/connection.js:317:26)\n    at async executeScram (/home/override/Back-End/node_modules/mongodb/lib/cmap/auth/scram.js:79:22)\n    at async ScramSHA256.auth (/home/override/Back-End/node_modules/mongodb/lib/cmap/auth/scram.js:39:16)\n    at async performInitialHandshake (/home/override/Back-End/node_modules/mongodb/lib/cmap/connect.js:104:13)\n    at async connect (/home/override/Back-End/node_modules/mongodb/lib/cmap/connect.js:24:9)","timestamp":"16/11/2024, 15:16:06"}
{"level":"info","message":"Servidor iniciou na porta => 3000","timestamp":"16/11/2024, 15:16:43"}
{"error":"Authentication failed.","level":"error","message":"Erro ao conectar com MongoDB!","stack":"MongoServerError: Authentication failed.\n    at Connection.sendCommand (/home/override/Back-End/node_modules/mongodb/lib/cmap/connection.js:290:27)\n    at process.processTicksAndRejections (node:internal/process/task_queues:105:5)\n    at async Connection.command (/home/override/Back-End/node_modules/mongodb/lib/cmap/connection.js:317:26)\n    at async executeScram (/home/override/Back-End/node_modules/mongodb/lib/cmap/auth/scram.js:79:22)\n    at async ScramSHA256.auth (/home/override/Back-End/node_modules/mongodb/lib/cmap/auth/scram.js:39:16)\n    at async performInitialHandshake (/home/override/Back-End/node_modules/mongodb/lib/cmap/connect.js:104:13)\n    at async connect (/home/override/Back-End/node_modules/mongodb/lib/cmap/connect.js:24:9)","timestamp":"16/11/2024, 15:16:43"}
{"level":"info","message":"Servidor iniciou na porta => 3000","timestamp":"16/11/2024, 15:17:18"}
{"level":"info","message":"MongoDB conectado! => OK","timestamp":"16/11/2024, 15:17:18"}
{"level":"warn","message":"Conexão com o MongoDB foi perdida!","timestamp":"16/11/2024, 15:17:21"}
{"level":"info","message":"Conexão com MongoDB encerrada devido ao encerramento do serivor!","timestamp":"16/11/2024, 15:17:21"}
{"level":"info","message":"Servidor iniciou na porta => 3000","timestamp":"16/11/2024, 15:59:30"}
{"level":"info","message":"MongoDB conectado! => OK","timestamp":"16/11/2024, 15:59:30"}
{"level":"warn","message":"Conexão com o MongoDB foi perdida!","timestamp":"16/11/2024, 15:59:39"}
{"level":"info","message":"Conexão com MongoDB encerrada devido ao encerramento do serivor!","timestamp":"16/11/2024, 15:59:39"}
{"level":"info","message":"Servidor iniciou na porta => 3000","timestamp":"16/11/2024, 15:59:41"}
{"error":"Authentication failed.","level":"error","message":"Erro ao conectar com MongoDB!","stack":"MongoServerError: Authentication failed.\n    at Connection.sendCommand (/home/override/Back-End/node_modules/mongodb/lib/cmap/connection.js:290:27)\n    at process.processTicksAndRejections (node:internal/process/task_queues:105:5)\n    at async Connection.command (/home/override/Back-End/node_modules/mongodb/lib/cmap/connection.js:317:26)\n    at async executeScram (/home/override/Back-End/node_modules/mongodb/lib/cmap/auth/scram.js:79:22)\n    at async ScramSHA256.auth (/home/override/Back-End/node_modules/mongodb/lib/cmap/auth/scram.js:39:16)\n    at async performInitialHandshake (/home/override/Back-End/node_modules/mongodb/lib/cmap/connect.js:104:13)\n    at async connect (/home/override/Back-End/node_modules/mongodb/lib/cmap/connect.js:24:9)","timestamp":"16/11/2024, 15:59:41"}
{"level":"info","message":"Servidor iniciou na porta => 3000","timestamp":"16/11/2024, 16:00:00"}
{"level":"info","message":"MongoDB conectado! => OK","timestamp":"16/11/2024, 16:00:00"}
{"level":"info","message":"Novo cliente registrado! Telefone: *******1288","timestamp":"16/11/2024, 16:00:18"}
{"level":"warn","message":"Conexão com o MongoDB foi perdida!","timestamp":"16/11/2024, 16:03:40"}
{"level":"info","message":"Conexão com MongoDB encerrada devido ao encerramento do serivor!","timestamp":"16/11/2024, 16:03:40"}
{"level":"info","message":"Servidor iniciou na porta => 3000","timestamp":"16/11/2024, 16:03:44"}
{"error":"Authentication failed.","level":"error","message":"Erro ao conectar com MongoDB!","stack":"MongoServerError: Authentication failed.\n    at Connection.sendCommand (/home/override/Back-End/node_modules/mongodb/lib/cmap/connection.js:290:27)\n    at process.processTicksAndRejections (node:internal/process/task_queues:105:5)\n    at async Connection.command (/home/override/Back-End/node_modules/mongodb/lib/cmap/connection.js:317:26)\n    at async executeScram (/home/override/Back-End/node_modules/mongodb/lib/cmap/auth/scram.js:79:22)\n    at async ScramSHA256.auth (/home/override/Back-End/node_modules/mongodb/lib/cmap/auth/scram.js:39:16)\n    at async performInitialHandshake (/home/override/Back-End/node_modules/mongodb/lib/cmap/connect.js:104:13)\n    at async connect (/home/override/Back-End/node_modules/mongodb/lib/cmap/connect.js:24:9)","timestamp":"16/11/2024, 16:03:44"}
{"level":"info","message":"Servidor iniciou na porta => 3000","timestamp":"16/11/2024, 16:12:03"}
{"level":"info","message":"MongoDB conectado! => OK","timestamp":"16/11/2024, 16:12:03"}
{"level":"warn","message":"Conexão com o MongoDB foi perdida!","timestamp":"16/11/2024, 16:12:26"}
{"level":"info","message":"Conexão com MongoDB encerrada devido ao encerramento do serivor!","timestamp":"16/11/2024, 16:12:26"}
{"level":"info","message":"Servidor iniciou na porta => 3000","timestamp":"16/11/2024, 16:19:25"}
{"level":"info","message":"MongoDB conectado! => OK","timestamp":"16/11/2024, 16:19:25"}
{"level":"warn","message":"Conexão com o MongoDB foi perdida!","timestamp":"16/11/2024, 16:25:25"}
{"level":"info","message":"Conexão com MongoDB encerrada devido ao encerramento do serivor!","timestamp":"16/11/2024, 16:25:25"}
{"level":"info","message":"Servidor iniciou na porta => 3000","timestamp":"16/11/2024, 16:58:29"}
{"level":"info","message":"MongoDB conectado! => OK","timestamp":"16/11/2024, 16:58:29"}
{"level":"info","message":"Novo cliente registrado! Telefone: *******1288","timestamp":"16/11/2024, 16:59:08"}
{"level":"info","message":"Novo cliente registrado! Telefone: *******1288","timestamp":"16/11/2024, 16:59:24"}
{"level":"error","message":"Erro na função registrar cliente => MongoServerError: E11000 duplicate key error collection: Connect.clientes index: phone_1 dup key: { phone: \"51984961288\" }","timestamp":"16/11/2024, 16:59:24"}
{"level":"info","message":"Servidor iniciou na porta => 3000","timestamp":"16/11/2024, 17:01:29"}
{"level":"info","message":"MongoDB conectado! => OK","timestamp":"16/11/2024, 17:01:29"}
{"level":"info","message":"Servidor iniciou na porta => 3000","timestamp":"16/11/2024, 17:02:08"}
{"level":"info","message":"MongoDB conectado! => OK","timestamp":"16/11/2024, 17:02:08"}
{"level":"info","message":"Servidor iniciou na porta => 3000","timestamp":"16/11/2024, 17:02:12"}
{"level":"info","message":"MongoDB conectado! => OK","timestamp":"16/11/2024, 17:02:12"}
{"level":"info","message":"Servidor iniciou na porta => 3000","timestamp":"16/11/2024, 17:02:22"}
{"level":"info","message":"MongoDB conectado! => OK","timestamp":"16/11/2024, 17:02:22"}
{"level":"info","message":"Servidor iniciou na porta => 3000","timestamp":"16/11/2024, 17:02:35"}
{"level":"info","message":"MongoDB conectado! => OK","timestamp":"16/11/2024, 17:02:35"}
{"level":"info","message":"Servidor iniciou na porta => 3000","timestamp":"16/11/2024, 17:02:43"}
{"level":"info","message":"MongoDB conectado! => OK","timestamp":"16/11/2024, 17:02:43"}
{"level":"info","message":"Servidor iniciou na porta => 3000","timestamp":"16/11/2024, 17:05:14"}
{"level":"info","message":"MongoDB conectado! => OK","timestamp":"16/11/2024, 17:05:14"}
{"level":"info","message":"Servidor iniciou na porta => 3000","timestamp":"16/11/2024, 17:05:34"}
{"level":"info","message":"MongoDB conectado! => OK","timestamp":"16/11/2024, 17:05:35"}
{"level":"info","message":"Servidor iniciou na porta => 3000","timestamp":"16/11/2024, 17:05:37"}
{"level":"info","message":"MongoDB conectado! => OK","timestamp":"16/11/2024, 17:05:37"}
{"level":"warn","message":"Conexão com o MongoDB foi perdida!","timestamp":"16/11/2024, 17:05:40"}
{"level":"info","message":"Conexão com MongoDB encerrada devido ao encerramento do serivor!","timestamp":"16/11/2024, 17:05:40"}
{"level":"info","message":"Servidor iniciou na porta => 3000","timestamp":"16/11/2024, 17:09:05"}
{"level":"info","message":"MongoDB conectado! => OK","timestamp":"16/11/2024, 17:09:05"}
{"level":"info","message":"Novo cliente registrado! Telefone: *******1286","timestamp":"16/11/2024, 17:09:19"}
{"level":"info","message":"Novo cliente registrado! Telefone: *******1288","timestamp":"16/11/2024, 17:09:52"}
{"level":"info","message":"Servidor iniciou na porta => 3000","timestamp":"16/11/2024, 17:11:39"}
{"level":"info","message":"MongoDB conectado! => OK","timestamp":"16/11/2024, 17:11:39"}
{"level":"info","message":"Servidor iniciou na porta => 3000","timestamp":"16/11/2024, 17:11:42"}
{"level":"info","message":"MongoDB conectado! => OK","timestamp":"16/11/2024, 17:11:42"}
{"level":"info","message":"Servidor iniciou na porta => 3000","timestamp":"16/11/2024, 17:11:46"}
{"level":"info","message":"MongoDB conectado! => OK","timestamp":"16/11/2024, 17:11:46"}
{"level":"info","message":"Servidor iniciou na porta => 3000","timestamp":"16/11/2024, 17:11:48"}
{"level":"info","message":"MongoDB conectado! => OK","timestamp":"16/11/2024, 17:11:48"}
{"level":"info","message":"Servidor iniciou na porta => 3000","timestamp":"16/11/2024, 17:11:51"}
{"level":"info","message":"MongoDB conectado! => OK","timestamp":"16/11/2024, 17:11:51"}
{"level":"info","message":"Servidor iniciou na porta => 3000","timestamp":"16/11/2024, 17:12:06"}
{"level":"info","message":"MongoDB conectado! => OK","timestamp":"16/11/2024, 17:12:06"}
{"level":"info","message":"Novo cliente registrado! Telefone: *******1288","timestamp":"16/11/2024, 17:12:19"}
{"level":"error","message":"Erro na função registrar cliente => MongoServerError: E11000 duplicate key error collection: Connect.clientes index: phone_1 dup key: { phone: \"51984961288\" }","timestamp":"16/11/2024, 17:12:19"}
{"level":"info","message":"Novo cliente registrado! Telefone: *******1288","timestamp":"16/11/2024, 17:12:36"}
{"level":"error","message":"Erro na função registrar cliente => MongoServerError: E11000 duplicate key error collection: Connect.clientes index: phone_1 dup key: { phone: \"51984961288\" }","timestamp":"16/11/2024, 17:12:36"}
{"level":"info","message":"Novo cliente registrado! Telefone: *******1288","timestamp":"16/11/2024, 17:12:39"}
{"level":"error","message":"Erro na função registrar cliente => MongoServerError: E11000 duplicate key error collection: Connect.clientes index: phone_1 dup key: { phone: \"51984961288\" }","timestamp":"16/11/2024, 17:12:39"}
{"level":"info","message":"Servidor iniciou na porta => 3000","timestamp":"16/11/2024, 17:12:53"}
{"level":"info","message":"MongoDB conectado! => OK","timestamp":"16/11/2024, 17:12:53"}
{"level":"info","message":"Novo cliente registrado! Telefone: *******0712","timestamp":"16/11/2024, 17:17:53"}
{"level":"info","message":"Novo cliente registrado! Telefone: *******7071","timestamp":"16/11/2024, 17:18:12"}
{"level":"info","message":"Novo cliente registrado! Telefone: *******0715","timestamp":"16/11/2024, 17:18:33"}
{"level":"info","message":"Servidor iniciou na porta => 3000","timestamp":"16/11/2024, 17:52:24"}
{"level":"info","message":"MongoDB conectado! => OK","timestamp":"16/11/2024, 17:52:24"}
{"level":"warn","message":"Conexão com o MongoDB foi perdida!","timestamp":"16/11/2024, 17:52:27"}
{"level":"info","message":"Conexão com MongoDB encerrada devido ao encerramento do serivor!","timestamp":"16/11/2024, 17:52:27"}
{"level":"info","message":"Servidor iniciou na porta => 3000","timestamp":"16/11/2024, 18:13:51"}
{"level":"info","message":"MongoDB conectado! => OK","timestamp":"16/11/2024, 18:13:51"}
{"level":"info","message":"Novo cliente registrado! Telefone: *******1288","timestamp":"16/11/2024, 18:14:06"}
{"level":"info","message":"Servidor iniciou na porta => 3000","timestamp":"16/11/2024, 18:14:59"}
{"level":"info","message":"MongoDB conectado! => OK","timestamp":"16/11/2024, 18:14:59"}
{"level":"warn","message":"Conexão com o MongoDB foi perdida!","timestamp":"16/11/2024, 18:15:01"}
{"level":"info","message":"Conexão com MongoDB encerrada devido ao encerramento do serivor!","timestamp":"16/11/2024, 18:15:01"}
{"level":"info","message":"Servidor iniciou na porta => 3000","timestamp":"16/11/2024, 18:26:05"}
{"level":"info","message":"MongoDB conectado! => OK","timestamp":"16/11/2024, 18:26:05"}
{"level":"info","message":"Novo cliente registrado! Telefone: *******1288","timestamp":"16/11/2024, 18:26:11"}
{"level":"info","message":"Servidor iniciou na porta => 3000","timestamp":"16/11/2024, 18:28:25"}
{"level":"info","message":"MongoDB conectado! => OK","timestamp":"16/11/2024, 18:28:25"}
{"level":"warn","message":"Conexão com o MongoDB foi perdida!","timestamp":"16/11/2024, 18:28:28"}
{"level":"info","message":"Conexão com MongoDB encerrada devido ao encerramento do serivor!","timestamp":"16/11/2024, 18:28:28"}
{"level":"info","message":"Servidor iniciou na porta => 3000","timestamp":"16/11/2024, 18:37:23"}
{"level":"info","message":"MongoDB conectado! => OK","timestamp":"16/11/2024, 18:37:23"}
{"level":"info","message":"Novo cliente registrado! Telefone: *******1288","timestamp":"16/11/2024, 18:37:27"}
{"level":"info","message":"Novo cliente registrado! Telefone: *******1288","timestamp":"16/11/2024, 18:37:30"}
{"level":"info","message":"Servidor iniciou na porta => 3000","timestamp":"16/11/2024, 18:38:43"}
{"level":"info","message":"MongoDB conectado! => OK","timestamp":"16/11/2024, 18:38:43"}
{"level":"info","message":"Servidor iniciou na porta => 3000","timestamp":"16/11/2024, 18:38:59"}
{"level":"info","message":"MongoDB conectado! => OK","timestamp":"16/11/2024, 18:38:59"}
{"level":"info","message":"Servidor iniciou na porta => 3000","timestamp":"16/11/2024, 18:39:03"}
{"level":"info","message":"MongoDB conectado! => OK","timestamp":"16/11/2024, 18:39:03"}
{"level":"info","message":"Servidor iniciou na porta => 3000","timestamp":"16/11/2024, 18:39:21"}
{"level":"info","message":"MongoDB conectado! => OK","timestamp":"16/11/2024, 18:39:21"}
{"level":"warn","message":"Conexão com o MongoDB foi perdida!","timestamp":"16/11/2024, 18:39:22"}
{"level":"info","message":"Conexão com MongoDB encerrada devido ao encerramento do serivor!","timestamp":"16/11/2024, 18:39:22"}
{"level":"info","message":"Servidor iniciou na porta => 3000","timestamp":"16/11/2024, 18:49:18"}
{"level":"info","message":"MongoDB conectado! => OK","timestamp":"16/11/2024, 18:49:18"}
{"level":"info","message":"Novo cliente registrado! Telefone: *******1288","timestamp":"16/11/2024, 18:49:23"}
{"level":"warn","message":"Conexão com o MongoDB foi perdida!","timestamp":"16/11/2024, 18:51:24"}
{"level":"info","message":"Conexão com MongoDB encerrada devido ao encerramento do serivor!","timestamp":"16/11/2024, 18:51:24"}
